Base path: C:/Program Files/Unity/Editor/Data
Cmd: initializeCompiler
Cmd: disassembleShader
  api=1 insize=2060 outsize=3289 ok=1
Cmd: disassembleShader
  api=4 insize=2726 outsize=4468 ok=1
Cmd: disassembleShader
  api=4 insize=6898 outsize=9785 ok=1
Cmd: disassembleShader
  api=4 insize=1670 outsize=3054 ok=1
Cmd: disassembleShader
  api=1 insize=1160 outsize=1894 ok=1
Cmd: disassembleShader
  api=1 insize=1160 outsize=1894 ok=1
Cmd: disassembleShader
  api=4 insize=3698 outsize=5420 ok=1
Cmd: disassembleShader
  api=4 insize=5106 outsize=7356 ok=1
Cmd: disassembleShader
  api=4 insize=4930 outsize=7182 ok=1
Cmd: disassembleShader
  api=4 insize=350 outsize=907 ok=1
Cmd: compileSnippet
  api=1 type=0 insize=1062 outsize=1316 kw=_EMISSION UNITY_HDR_ON pd=UNITY_ENABLE_REFLECTION_BUFFERS UNITY_USE_DITHER_MASK_FOR_ALPHABLENDED_SHADOWS UNITY_PBS_USE_BRDF1 UNITY_SPECCUBE_BOX_PROJECTION UNITY_SPECCUBE_BLENDING UNITY_ENABLE_DETAIL_NORMALMAP SHADER_API_DESKTOP UNITY_COLORSPACE_GAMMA ok=1
Cmd: disassembleShader
  api=1 insize=1316 outsize=2141 ok=1
Cmd: compileSnippet
  api=4 type=1 insize=1062 outsize=2514 kw= pd=UNITY_ENABLE_REFLECTION_BUFFERS UNITY_USE_DITHER_MASK_FOR_ALPHABLENDED_SHADOWS UNITY_PBS_USE_BRDF1 UNITY_SPECCUBE_BOX_PROJECTION UNITY_SPECCUBE_BLENDING UNITY_ENABLE_DETAIL_NORMALMAP SHADER_API_DESKTOP UNITY_COLORSPACE_GAMMA ok=1
Cmd: disassembleShader
  api=4 insize=2514 outsize=4464 ok=1
Cmd: compileSnippet
  api=1 type=0 insize=1115 outsize=2176 kw=DIRECTIONAL SHADOWS_SCREEN VERTEXLIGHT_ON pd=UNITY_ENABLE_REFLECTION_BUFFERS UNITY_USE_DITHER_MASK_FOR_ALPHABLENDED_SHADOWS UNITY_PBS_USE_BRDF1 UNITY_SPECCUBE_BOX_PROJECTION UNITY_SPECCUBE_BLENDING UNITY_ENABLE_DETAIL_NORMALMAP SHADER_API_DESKTOP UNITY_COLORSPACE_GAMMA ok=1
Cmd: disassembleShader
  api=1 insize=2176 outsize=3479 ok=1
